<?xml version="1.0" encoding="UTF-8"?>
<!-- Generated by org.testng.reporters.JUnitReportReporter -->
<testsuite hostname="L-5023" failures="0" tests="4" name="TestCases.Calender" time="10.759" errors="0" timestamp="2021-07-09T10:17:14 IST" skipped="0">
  <testcase classname="TestCases.Calender" name="AcceptCookies" time="2.956"/>
  <system-out/>
  <testcase classname="TestCases.Calender" name="ScrollDownPageAndClickOnCalender" time="2.164"/>
  <system-out/>
  <testcase classname="TestCases.Calender" name="clickOnDate" time="5.634"/>
  <system-out/>
  <testcase classname="TestCases.Calender" name="SplitDate" time="0.005"/>
  <system-out/>
</testsuite> <!-- TestCases.Calender -->
