<?xml version="1.0" encoding="UTF-8"?>
<!-- Generated by org.testng.reporters.JUnitReportReporter -->
<testsuite hostname="L-5023" failures="0" tests="1" name="TestCases.LoginTest" time="5.163" errors="0" timestamp="2021-07-09T12:04:24 IST" skipped="0">
  <testcase classname="TestCases.LoginTest" name="User_Login" time="5.163"/>
  <system-out/>
</testsuite> <!-- TestCases.LoginTest -->
